
> @workspace/api-server@0.0.0 start C:\Users\julius.otto\Projekte\Barber-Hub\artifacts\api-server
> node --enable-source-maps ./dist/index.mjs

[18:18:35.063] [32mINFO[39m (20796): [36mServer listening[39m
    [35mport[39m: 8080
[18:18:36.074] [32mINFO[39m (20796): [36mrequest completed[39m
    [35mreq[39m: {
      "id": 2,
      "method": "GET",
      "url": "/api/dashboard/revenue"
    }
    [35mres[39m: {
      "statusCode": 200
    }
    [35mresponseTime[39m: 148
[18:18:36.077] [32mINFO[39m (20796): [36mrequest completed[39m
    [35mreq[39m: {
      "id": 1,
      "method": "GET",
      "url": "/api/dashboard/schedule"
    }
    [35mres[39m: {
      "statusCode": 200
    }
    [35mresponseTime[39m: 173
[18:18:36.192] [32mINFO[39m (20796): [36mrequest completed[39m
    [35mreq[39m: {
      "id": 3,
      "method": "GET",
      "url": "/api/dashboard/summary"
    }
    [35mres[39m: {
      "statusCode": 200
    }
    [35mresponseTime[39m: 34
[18:18:36.701] [32mINFO[39m (20796): [36mrequest completed[39m
    [35mreq[39m: {
      "id": 4,
      "method": "GET",
      "url": "/api/appointments"
    }
    [35mres[39m: {
      "statusCode": 200
    }
    [35mresponseTime[39m: 79
[18:18:38.241] [32mINFO[39m (20796): [36mrequest completed[39m
    [35mreq[39m: {
      "id": 5,
      "method": "GET",
      "url": "/api/clients"
    }
    [35mres[39m: {
      "statusCode": 200
    }
    [35mresponseTime[39m: 18
[18:18:38.818] [32mINFO[39m (20796): [36mrequest completed[39m
    [35mreq[39m: {
      "id": 6,
      "method": "GET",
      "url": "/api/barbers"
    }
    [35mres[39m: {
      "statusCode": 200
    }
    [35mresponseTime[39m: 39
[18:18:39.883] [32mINFO[39m (20796): [36mrequest completed[39m
    [35mreq[39m: {
      "id": 7,
      "method": "GET",
      "url": "/api/services"
    }
    [35mres[39m: {
      "statusCode": 200
    }
    [35mresponseTime[39m: 17
[18:18:40.368] [32mINFO[39m (20796): [36mrequest completed[39m
    [35mreq[39m: {
      "id": 8,
      "method": "GET",
      "url": "/api/barbers"
    }
    [35mres[39m: {
      "statusCode": 304
    }
    [35mresponseTime[39m: 36
[18:18:44.334] [32mINFO[39m (20796): [36mrequest completed[39m
    [35mreq[39m: {
      "id": 9,
      "method": "GET",
      "url": "/api/barbershops/1"
    }
    [35mres[39m: {
      "statusCode": 200
    }
    [35mresponseTime[39m: 23
[18:18:45.280] [32mINFO[39m (20796): [36mrequest completed[39m
    [35mreq[39m: {
      "id": 10,
      "method": "GET",
      "url": "/api/services"
    }
    [35mres[39m: {
      "statusCode": 304
    }
    [35mresponseTime[39m: 18
[18:18:50.009] [32mINFO[39m (20796): [36mrequest completed[39m
    [35mreq[39m: {
      "id": 11,
      "method": "GET",
      "url": "/api/marketplace/search"
    }
    [35mres[39m: {
      "statusCode": 200
    }
    [35mresponseTime[39m: 20
[18:18:50.494] [32mINFO[39m (20796): [36mrequest completed[39m
    [35mreq[39m: {
      "id": 12,
      "method": "GET",
      "url": "/api/clients"
    }
    [35mres[39m: {
      "statusCode": 304
    }
    [35mresponseTime[39m: 19
[18:18:51.208] [32mINFO[39m (20796): [36mrequest completed[39m
    [35mreq[39m: {
      "id": 13,
      "method": "GET",
      "url": "/api/appointments"
    }
    [35mres[39m: {
      "statusCode": 304
    }
    [35mresponseTime[39m: 201
[18:18:52.303] [32mINFO[39m (20796): [36mrequest completed[39m
    [35mreq[39m: {
      "id": 14,
      "method": "GET",
      "url": "/api/clients"
    }
    [35mres[39m: {
      "statusCode": 304
    }
    [35mresponseTime[39m: 18
[18:18:55.445] [32mINFO[39m (20796): [36mrequest completed[39m
    [35mreq[39m: {
      "id": 15,
      "method": "GET",
      "url": "/api/dashboard/summary"
    }
    [35mres[39m: {
      "statusCode": 304
    }
    [35mresponseTime[39m: 35
[18:18:55.736] [32mINFO[39m (20796): [36mrequest completed[39m
    [35mreq[39m: {
      "id": 16,
      "method": "GET",
      "url": "/api/dashboard/revenue"
    }
    [35mres[39m: {
      "statusCode": 304
    }
    [35mresponseTime[39m: 20
[18:18:55.743] [32mINFO[39m (20796): [36mrequest completed[39m
    [35mreq[39m: {
      "id": 17,
      "method": "GET",
      "url": "/api/dashboard/schedule"
    }
    [35mres[39m: {
      "statusCode": 304
    }
    [35mresponseTime[39m: 18
[18:19:09.875] [32mINFO[39m (20796): [36mrequest completed[39m
    [35mreq[39m: {
      "id": 18,
      "method": "GET",
      "url": "/api/marketplace/search"
    }
    [35mres[39m: {
      "statusCode": 200
    }
    [35mresponseTime[39m: 123
[18:25:22.198] [32mINFO[39m (20796): [36mrequest completed[39m
    [35mreq[39m: {
      "id": 19,
      "method": "GET",
      "url": "/"
    }
    [35mres[39m: {
      "statusCode": 404
    }
    [35mresponseTime[39m: 3
[18:25:22.207] [32mINFO[39m (20796): [36mrequest completed[39m
    [35mreq[39m: {
      "id": 20,
      "method": "GET",
      "url": "/"
    }
    [35mres[39m: {
      "statusCode": 404
    }
    [35mresponseTime[39m: 1
[18:25:22.234] [32mINFO[39m (20796): [36mrequest completed[39m
    [35mreq[39m: {
      "id": 23,
      "method": "GET",
      "url": "/api"
    }
    [35mres[39m: {
      "statusCode": 404
    }
    [35mresponseTime[39m: 0
[18:25:23.023] [32mINFO[39m (20796): [36mrequest aborted[39m
    [35mreq[39m: {
      "id": 21,
      "method": "GET",
      "url": "/api/marketplace/search"
    }
    [35mres[39m: {
      "statusCode": null
    }
    [35mresponseTime[39m: 813
[18:25:23.032] [32mINFO[39m (20796): [36mrequest aborted[39m
    [35mreq[39m: {
      "id": 22,
      "method": "GET",
      "url": "/api/marketplace/search"
    }
    [35mres[39m: {
      "statusCode": null
    }
    [35mresponseTime[39m: 799
[19:53:02.488] [32mINFO[39m (20796): [36mrequest completed[39m
    [35mreq[39m: {
      "id": 25,
      "method": "GET",
      "url": "/api/dashboard/summary"
    }
    [35mres[39m: {
      "statusCode": 304
    }
    [35mresponseTime[39m: 942
[19:53:02.810] [32mINFO[39m (20796): [36mrequest completed[39m
    [35mreq[39m: {
      "id": 24,
      "method": "GET",
      "url": "/api/dashboard/revenue"
    }
    [35mres[39m: {
      "statusCode": 304
    }
    [35mresponseTime[39m: 1286
[19:53:02.837] [32mINFO[39m (20796): [36mrequest aborted[39m
    [35mreq[39m: {
      "id": 26,
      "method": "GET",
      "url": "/api/dashboard/schedule"
    }
    [35mres[39m: {
      "statusCode": null
    }
    [35mresponseTime[39m: 1285
[19:53:02.859] [32mINFO[39m (20796): [36mrequest completed[39m
    [35mreq[39m: {
      "id": 27,
      "method": "GET",
      "url": "/api/clients"
    }
    [35mres[39m: {
      "statusCode": 304
    }
    [35mresponseTime[39m: 19
[19:53:05.051] [32mINFO[39m (20796): [36mrequest completed[39m
    [35mreq[39m: {
      "id": 28,
      "method": "GET",
      "url": "/api/barbers"
    }
    [35mres[39m: {
      "statusCode": 304
    }
    [35mresponseTime[39m: 64
[19:53:09.631] [32mINFO[39m (20796): [36mrequest completed[39m
    [35mreq[39m: {
      "id": 29,
      "method": "GET",
      "url": "/api/barbershops/1"
    }
    [35mres[39m: {
      "statusCode": 304
    }
    [35mresponseTime[39m: 383
[19:53:12.571] [32mINFO[39m (20796): [36mrequest completed[39m
    [35mreq[39m: {
      "id": 30,
      "method": "GET",
      "url": "/api/appointments"
    }
    [35mres[39m: {
      "statusCode": 304
    }
    [35mresponseTime[39m: 458
[19:53:15.068] [32mINFO[39m (20796): [36mrequest completed[39m
    [35mreq[39m: {
      "id": 31,
      "method": "GET",
      "url": "/api/appointments"
    }
    [35mres[39m: {
      "statusCode": 200
    }
    [35mresponseTime[39m: 25
[19:53:16.294] [32mINFO[39m (20796): [36mrequest completed[39m
    [35mreq[39m: {
      "id": 32,
      "method": "GET",
      "url": "/api/appointments"
    }
    [35mres[39m: {
      "statusCode": 304
    }
    [35mresponseTime[39m: 83
[19:53:17.816] [32mINFO[39m (20796): [36mrequest completed[39m
    [35mreq[39m: {
      "id": 33,
      "method": "PATCH",
      "url": "/api/appointments/1"
    }
    [35mres[39m: {
      "statusCode": 200
    }
    [35mresponseTime[39m: 239
[19:53:17.940] [32mINFO[39m (20796): [36mrequest completed[39m
    [35mreq[39m: {
      "id": 34,
      "method": "GET",
      "url": "/api/appointments"
    }
    [35mres[39m: {
      "statusCode": 200
    }
    [35mresponseTime[39m: 96
[19:55:05.899] [32mINFO[39m (20796): [36mrequest completed[39m
    [35mreq[39m: {
      "id": 35,
      "method": "GET",
      "url": "/api/clients"
    }
    [35mres[39m: {
      "statusCode": 200
    }
    [35mresponseTime[39m: 126
[19:56:35.615] [32mINFO[39m (20796): [36mrequest completed[39m
    [35mreq[39m: {
      "id": 36,
      "method": "GET",
      "url": "/api/clients/2"
    }
    [35mres[39m: {
      "statusCode": 200
    }
    [35mresponseTime[39m: 112
[19:56:35.844] [32mINFO[39m (20796): [36mrequest completed[39m
    [35mreq[39m: {
      "id": 37,
      "method": "GET",
      "url": "/api/appointments"
    }
    [35mres[39m: {
      "statusCode": 200
    }
    [35mresponseTime[39m: 77
[19:56:58.155] [32mINFO[39m (20796): [36mrequest completed[39m
    [35mreq[39m: {
      "id": 38,
      "method": "GET",
      "url": "/api/dashboard/summary"
    }
    [35mres[39m: {
      "statusCode": 200
    }
    [35mresponseTime[39m: 145
[19:56:58.336] [32mINFO[39m (20796): [36mrequest completed[39m
    [35mreq[39m: {
      "id": 39,
      "method": "GET",
      "url": "/api/dashboard/revenue"
    }
    [35mres[39m: {
      "statusCode": 304
    }
    [35mresponseTime[39m: 17
[19:56:58.433] [32mINFO[39m (20796): [36mrequest completed[39m
    [35mreq[39m: {
      "id": 40,
      "method": "GET",
      "url": "/api/dashboard/schedule"
    }
    [35mres[39m: {
      "statusCode": 200
    }
    [35mresponseTime[39m: 112
[19:56:59.675] [32mINFO[39m (20796): [36mrequest completed[39m
    [35mreq[39m: {
      "id": 41,
      "method": "GET",
      "url": "/api/barbers"
    }
    [35mres[39m: {
      "statusCode": 304
    }
    [35mresponseTime[39m: 32
[19:57:00.371] [32mINFO[39m (20796): [36mrequest completed[39m
    [35mreq[39m: {
      "id": 42,
      "method": "GET",
      "url": "/api/services"
    }
    [35mres[39m: {
      "statusCode": 304
    }
    [35mresponseTime[39m: 16
[19:57:02.765] [32mINFO[39m (20796): [36mrequest completed[39m
    [35mreq[39m: {
      "id": 44,
      "method": "GET",
      "url": "/api/dashboard/revenue"
    }
    [35mres[39m: {
      "statusCode": 304
    }
    [35mresponseTime[39m: 18
[19:57:02.791] [32mINFO[39m (20796): [36mrequest completed[39m
    [35mreq[39m: {
      "id": 43,
      "method": "GET",
      "url": "/api/dashboard/summary"
    }
    [35mres[39m: {
      "statusCode": 304
    }
    [35mresponseTime[39m: 47
[19:57:02.869] [32mINFO[39m (20796): [36mrequest completed[39m
    [35mreq[39m: {
      "id": 45,
      "method": "GET",
      "url": "/api/dashboard/schedule"
    }
    [35mres[39m: {
      "statusCode": 304
    }
    [35mresponseTime[39m: 120
[19:57:12.822] [32mINFO[39m (20796): [36mrequest completed[39m
    [35mreq[39m: {
      "id": 46,
      "method": "GET",
      "url": "/api/dashboard/summary"
    }
    [35mres[39m: {
      "statusCode": 304
    }
    [35mresponseTime[39m: 47
[19:57:13.109] [32mINFO[39m (20796): [36mrequest completed[39m
    [35mreq[39m: {
      "id": 47,
      "method": "GET",
      "url": "/api/dashboard/revenue"
    }
    [35mres[39m: {
      "statusCode": 304
    }
    [35mresponseTime[39m: 18
[19:57:13.234] [32mINFO[39m (20796): [36mrequest completed[39m
    [35mreq[39m: {
      "id": 48,
      "method": "GET",
      "url": "/api/dashboard/schedule"
    }
    [35mres[39m: {
      "statusCode": 304
    }
    [35mresponseTime[39m: 141
[20:00:24.921] [32mINFO[39m (20796): [36mrequest completed[39m
    [35mreq[39m: {
      "id": 50,
      "method": "GET",
      "url": "/api/dashboard/revenue"
    }
    [35mres[39m: {
      "statusCode": 304
    }
    [35mresponseTime[39m: 218
[20:00:24.964] [32mINFO[39m (20796): [36mrequest completed[39m
    [35mreq[39m: {
      "id": 49,
      "method": "GET",
      "url": "/api/dashboard/summary"
    }
    [35mres[39m: {
      "statusCode": 304
    }
    [35mresponseTime[39m: 265
[20:00:25.015] [32mINFO[39m (20796): [36mrequest completed[39m
    [35mreq[39m: {
      "id": 51,
      "method": "GET",
      "url": "/api/dashboard/schedule"
    }
    [35mres[39m: {
      "statusCode": 304
    }
    [35mresponseTime[39m: 17
[20:00:28.926] [32mINFO[39m (20796): [36mrequest completed[39m
    [35mreq[39m: {
      "id": 53,
      "method": "GET",
      "url": "/api/dashboard/financial"
    }
    [35mres[39m: {
      "statusCode": 200
    }
    [35mresponseTime[39m: 82
[20:00:28.927] [32mINFO[39m (20796): [36mrequest completed[39m
    [35mreq[39m: {
      "id": 52,
      "method": "GET",
      "url": "/api/expenses"
    }
    [35mres[39m: {
      "statusCode": 200
    }
    [35mresponseTime[39m: 88
[20:00:38.872] [32mINFO[39m (20796): [36mrequest completed[39m
    [35mreq[39m: {
      "id": 54,
      "method": "GET",
      "url": "/api/dashboard/financial"
    }
    [35mres[39m: {
      "statusCode": 200
    }
    [35mresponseTime[39m: 30
[20:00:39.169] [32mINFO[39m (20796): [36mrequest completed[39m
    [35mreq[39m: {
      "id": 55,
      "method": "GET",
      "url": "/api/expenses"
    }
    [35mres[39m: {
      "statusCode": 200
    }
    [35mresponseTime[39m: 15
[20:00:40.474] [32mINFO[39m (20796): [36mrequest completed[39m
    [35mreq[39m: {
      "id": 56,
      "method": "GET",
      "url": "/api/expenses"
    }
    [35mres[39m: {
      "statusCode": 304
    }
    [35mresponseTime[39m: 15
[20:00:40.594] [32mINFO[39m (20796): [36mrequest completed[39m
    [35mreq[39m: {
      "id": 57,
      "method": "GET",
      "url": "/api/dashboard/financial"
    }
    [35mres[39m: {
      "statusCode": 304
    }
    [35mresponseTime[39m: 134
[20:00:41.469] [32mINFO[39m (20796): [36mrequest completed[39m
    [35mreq[39m: {
      "id": 58,
      "method": "GET",
      "url": "/api/barbers"
    }
    [35mres[39m: {
      "statusCode": 304
    }
    [35mresponseTime[39m: 33
[20:00:44.025] [32mINFO[39m (20796): [36mrequest completed[39m
    [35mreq[39m: {
      "id": 59,
      "method": "GET",
      "url": "/api/services"
    }
    [35mres[39m: {
      "statusCode": 304
    }
    [35mresponseTime[39m: 17
[20:00:46.775] [32mINFO[39m (20796): [36mrequest completed[39m
    [35mreq[39m: {
      "id": 61,
      "method": "GET",
      "url": "/api/expenses"
    }
    [35mres[39m: {
      "statusCode": 304
    }
    [35mresponseTime[39m: 15
[20:00:46.790] [32mINFO[39m (20796): [36mrequest completed[39m
    [35mreq[39m: {
      "id": 60,
      "method": "GET",
      "url": "/api/dashboard/financial"
    }
    [35mres[39m: {
      "statusCode": 304
    }
    [35mresponseTime[39m: 30
